<?xml version="1.0" encoding="UTF-8"?>
<!-- Generated by org.testng.reporters.JUnitReportReporter -->
<testsuite hostname="Shweta-PC" failures="0" tests="274" name="dsAlgo_TestRunner.TestRunner" time="3026.688" errors="1" timestamp="2025-02-25T02:43:36 EST" skipped="0">
  <testcase classname="dsAlgo_TestRunner.TestRunner" name="runScenario" time="12.540"/>
  <testcase classname="dsAlgo_TestRunner.TestRunner" name="runScenario" time="9.160"/>
  <testcase classname="dsAlgo_TestRunner.TestRunner" name="runScenario" time="7.091"/>
  <testcase classname="dsAlgo_TestRunner.TestRunner" name="runScenario" time="8.931"/>
  <testcase classname="dsAlgo_TestRunner.TestRunner" name="runScenario" time="20.866"/>
  <testcase classname="dsAlgo_TestRunner.TestRunner" name="runScenario" time="7.936"/>
  <testcase classname="dsAlgo_TestRunner.TestRunner" name="runScenario" time="20.903"/>
  <testcase classname="dsAlgo_TestRunner.TestRunner" name="runScenario" time="8.186"/>
  <testcase classname="dsAlgo_TestRunner.TestRunner" name="runScenario" time="11.648"/>
  <testcase classname="dsAlgo_TestRunner.TestRunner" name="runScenario" time="10.675"/>
  <testcase classname="dsAlgo_TestRunner.TestRunner" name="runScenario" time="7.849"/>
  <testcase classname="dsAlgo_TestRunner.TestRunner" name="runScenario" time="14.388"/>
  <testcase classname="dsAlgo_TestRunner.TestRunner" name="runScenario" time="13.174"/>
  <testcase classname="dsAlgo_TestRunner.TestRunner" name="runScenario" time="5.471"/>
  <testcase classname="dsAlgo_TestRunner.TestRunner" name="runScenario" time="12.295"/>
  <testcase classname="dsAlgo_TestRunner.TestRunner" name="runScenario" time="13.351"/>
  <testcase classname="dsAlgo_TestRunner.TestRunner" name="runScenario" time="18.232"/>
  <testcase classname="dsAlgo_TestRunner.TestRunner" name="runScenario" time="7.341"/>
  <testcase classname="dsAlgo_TestRunner.TestRunner" name="runScenario" time="5.265"/>
  <testcase classname="dsAlgo_TestRunner.TestRunner" name="runScenario" time="19.122"/>
  <testcase classname="dsAlgo_TestRunner.TestRunner" name="runScenario" time="9.319"/>
  <testcase classname="dsAlgo_TestRunner.TestRunner" name="runScenario" time="14.869"/>
  <testcase classname="dsAlgo_TestRunner.TestRunner" name="runScenario" time="9.684"/>
  <testcase classname="dsAlgo_TestRunner.TestRunner" name="runScenario" time="8.180"/>
  <testcase classname="dsAlgo_TestRunner.TestRunner" name="runScenario" time="13.283"/>
  <testcase classname="dsAlgo_TestRunner.TestRunner" name="runScenario" time="10.192"/>
  <testcase classname="dsAlgo_TestRunner.TestRunner" name="runScenario" time="13.113"/>
  <testcase classname="dsAlgo_TestRunner.TestRunner" name="runScenario" time="12.676"/>
  <testcase classname="dsAlgo_TestRunner.TestRunner" name="runScenario" time="10.062"/>
  <testcase classname="dsAlgo_TestRunner.TestRunner" name="runScenario" time="7.875"/>
  <testcase classname="dsAlgo_TestRunner.TestRunner" name="runScenario" time="6.793"/>
  <testcase classname="dsAlgo_TestRunner.TestRunner" name="runScenario" time="12.331"/>
  <testcase classname="dsAlgo_TestRunner.TestRunner" name="runScenario" time="12.077"/>
  <testcase classname="dsAlgo_TestRunner.TestRunner" name="runScenario" time="11.738"/>
  <testcase classname="dsAlgo_TestRunner.TestRunner" name="runScenario" time="14.075"/>
  <testcase classname="dsAlgo_TestRunner.TestRunner" name="runScenario" time="9.478"/>
  <testcase classname="dsAlgo_TestRunner.TestRunner" name="runScenario" time="10.815"/>
  <testcase classname="dsAlgo_TestRunner.TestRunner" name="runScenario" time="12.799"/>
  <testcase classname="dsAlgo_TestRunner.TestRunner" name="runScenario" time="12.362"/>
  <testcase classname="dsAlgo_TestRunner.TestRunner" name="runScenario" time="15.421"/>
  <testcase classname="dsAlgo_TestRunner.TestRunner" name="runScenario" time="9.639"/>
  <testcase classname="dsAlgo_TestRunner.TestRunner" name="runScenario" time="18.654"/>
  <testcase classname="dsAlgo_TestRunner.TestRunner" name="runScenario" time="6.256"/>
  <testcase classname="dsAlgo_TestRunner.TestRunner" name="runScenario" time="6.181"/>
  <testcase classname="dsAlgo_TestRunner.TestRunner" name="runScenario" time="19.031"/>
  <testcase classname="dsAlgo_TestRunner.TestRunner" name="runScenario" time="5.175"/>
  <testcase classname="dsAlgo_TestRunner.TestRunner" name="runScenario" time="7.658"/>
  <testcase classname="dsAlgo_TestRunner.TestRunner" name="runScenario" time="11.167"/>
  <testcase classname="dsAlgo_TestRunner.TestRunner" name="runScenario" time="10.120"/>
  <testcase classname="dsAlgo_TestRunner.TestRunner" name="runScenario" time="9.569"/>
  <testcase classname="dsAlgo_TestRunner.TestRunner" name="runScenario" time="11.059"/>
  <testcase classname="dsAlgo_TestRunner.TestRunner" name="runScenario" time="12.125"/>
  <testcase classname="dsAlgo_TestRunner.TestRunner" name="runScenario" time="7.605"/>
  <testcase classname="dsAlgo_TestRunner.TestRunner" name="runScenario" time="11.639"/>
  <testcase classname="dsAlgo_TestRunner.TestRunner" name="runScenario" time="6.153"/>
  <testcase classname="dsAlgo_TestRunner.TestRunner" name="runScenario" time="10.745"/>
  <testcase classname="dsAlgo_TestRunner.TestRunner" name="runScenario" time="17.649"/>
  <testcase classname="dsAlgo_TestRunner.TestRunner" name="runScenario" time="21.042"/>
  <testcase classname="dsAlgo_TestRunner.TestRunner" name="runScenario" time="8.767"/>
  <testcase classname="dsAlgo_TestRunner.TestRunner" name="runScenario" time="10.153"/>
  <testcase classname="dsAlgo_TestRunner.TestRunner" name="runScenario" time="12.097"/>
  <testcase classname="dsAlgo_TestRunner.TestRunner" name="runScenario" time="10.993"/>
  <testcase classname="dsAlgo_TestRunner.TestRunner" name="runScenario" time="5.684"/>
  <testcase classname="dsAlgo_TestRunner.TestRunner" name="runScenario" time="15.513"/>
  <testcase classname="dsAlgo_TestRunner.TestRunner" name="runScenario" time="7.939"/>
  <testcase classname="dsAlgo_TestRunner.TestRunner" name="runScenario" time="8.528"/>
  <testcase classname="dsAlgo_TestRunner.TestRunner" name="runScenario" time="6.941"/>
  <testcase classname="dsAlgo_TestRunner.TestRunner" name="runScenario" time="8.709"/>
  <testcase classname="dsAlgo_TestRunner.TestRunner" name="runScenario" time="14.010"/>
  <testcase classname="dsAlgo_TestRunner.TestRunner" name="runScenario" time="6.923"/>
  <testcase classname="dsAlgo_TestRunner.TestRunner" name="runScenario" time="13.868"/>
  <testcase classname="dsAlgo_TestRunner.TestRunner" name="runScenario" time="11.735"/>
  <testcase classname="dsAlgo_TestRunner.TestRunner" name="runScenario" time="11.147"/>
  <testcase classname="dsAlgo_TestRunner.TestRunner" name="runScenario" time="9.092"/>
  <testcase classname="dsAlgo_TestRunner.TestRunner" name="runScenario" time="9.233"/>
  <testcase classname="dsAlgo_TestRunner.TestRunner" name="runScenario" time="10.665"/>
  <testcase classname="dsAlgo_TestRunner.TestRunner" name="runScenario" time="12.839"/>
  <testcase classname="dsAlgo_TestRunner.TestRunner" name="runScenario" time="12.865"/>
  <testcase classname="dsAlgo_TestRunner.TestRunner" name="runScenario" time="11.902"/>
  <testcase classname="dsAlgo_TestRunner.TestRunner" name="runScenario" time="15.295"/>
  <testcase classname="dsAlgo_TestRunner.TestRunner" name="runScenario" time="4.563"/>
  <testcase classname="dsAlgo_TestRunner.TestRunner" name="runScenario" time="8.297"/>
  <testcase classname="dsAlgo_TestRunner.TestRunner" name="runScenario" time="9.020"/>
  <testcase classname="dsAlgo_TestRunner.TestRunner" name="runScenario" time="7.666"/>
  <testcase classname="dsAlgo_TestRunner.TestRunner" name="runScenario" time="12.827"/>
  <testcase classname="dsAlgo_TestRunner.TestRunner" name="runScenario" time="6.364"/>
  <testcase classname="dsAlgo_TestRunner.TestRunner" name="runScenario" time="13.269"/>
  <testcase classname="dsAlgo_TestRunner.TestRunner" name="runScenario" time="5.305"/>
  <testcase classname="dsAlgo_TestRunner.TestRunner" name="runScenario" time="9.995"/>
  <testcase classname="dsAlgo_TestRunner.TestRunner" name="runScenario" time="8.792"/>
  <testcase classname="dsAlgo_TestRunner.TestRunner" name="runScenario" time="9.047"/>
  <testcase classname="dsAlgo_TestRunner.TestRunner" name="runScenario" time="14.848"/>
  <testcase classname="dsAlgo_TestRunner.TestRunner" name="runScenario" time="6.781"/>
  <testcase classname="dsAlgo_TestRunner.TestRunner" name="runScenario" time="8.672"/>
  <testcase classname="dsAlgo_TestRunner.TestRunner" name="runScenario" time="8.011"/>
  <testcase classname="dsAlgo_TestRunner.TestRunner" name="runScenario" time="10.621"/>
  <testcase classname="dsAlgo_TestRunner.TestRunner" name="runScenario" time="8.123"/>
  <testcase classname="dsAlgo_TestRunner.TestRunner" name="runScenario" time="7.979"/>
  <testcase classname="dsAlgo_TestRunner.TestRunner" name="runScenario" time="5.389"/>
  <testcase classname="dsAlgo_TestRunner.TestRunner" name="runScenario" time="5.381"/>
  <testcase classname="dsAlgo_TestRunner.TestRunner" name="runScenario" time="16.410">
    <error message="no such element: Unable to locate element: {&quot;method&quot;:&quot;xpath&quot;,&quot;selector&quot;:&quot;//div[contains(text(),&#039;Account Created&#039;)]&quot;}
  (Session info: chrome=131.0.6778.204)
For documentation on this error, please visit: https://www.selenium.dev/documentation/webdriver/troubleshooting/errors#no-such-element-exception
Build info: version: &#039;4.28.0&#039;, revision: &#039;ac342546e9&#039;
System info: os.name: &#039;Windows 11&#039;, os.arch: &#039;amd64&#039;, os.version: &#039;10.0&#039;, java.version: &#039;23.0.1&#039;
Driver info: org.openqa.selenium.chrome.ChromeDriver
Command: [7f7c8191a83709b1373eec8f5f2c94f0, findElement {using=xpath, value=//div[contains(text(),&#039;Account Created&#039;)]}]
Capabilities {acceptInsecureCerts: false, browserName: chrome, browserVersion: 131.0.6778.204, chrome: {chromedriverVersion: 131.0.6778.264 (2d05e315153..., userDataDir: C:\Users\mahaj\AppData\Loca...}, fedcm:accounts: true, goog:chromeOptions: {debuggerAddress: localhost:64918}, networkConnectionEnabled: false, pageLoadStrategy: normal, platformName: windows, proxy: Proxy(), se:cdp: ws://localhost:64918/devtoo..., se:cdpVersion: 131.0.6778.204, setWindowRect: true, strictFileInteractability: false, timeouts: {implicit: 0, pageLoad: 300000, script: 30000}, unhandledPromptBehavior: dismiss and notify, webauthn:extension:credBlob: true, webauthn:extension:largeBlob: true, webauthn:extension:minPinLength: true, webauthn:extension:prf: true, webauthn:virtualAuthenticators: true}
Session ID: 7f7c8191a83709b1373eec8f5f2c94f0" type="org.openqa.selenium.NoSuchElementException">
      <![CDATA[org.openqa.selenium.NoSuchElementException: no such element: Unable to locate element: {"method":"xpath","selector":"//div[contains(text(),'Account Created')]"}
  (Session info: chrome=131.0.6778.204)
For documentation on this error, please visit: https://www.selenium.dev/documentation/webdriver/troubleshooting/errors#no-such-element-exception
Build info: version: '4.28.0', revision: 'ac342546e9'
System info: os.name: 'Windows 11', os.arch: 'amd64', os.version: '10.0', java.version: '23.0.1'
Driver info: org.openqa.selenium.chrome.ChromeDriver
Command: [7f7c8191a83709b1373eec8f5f2c94f0, findElement {using=xpath, value=//div[contains(text(),'Account Created')]}]
Capabilities {acceptInsecureCerts: false, browserName: chrome, browserVersion: 131.0.6778.204, chrome: {chromedriverVersion: 131.0.6778.264 (2d05e315153..., userDataDir: C:\Users\mahaj\AppData\Loca...}, fedcm:accounts: true, goog:chromeOptions: {debuggerAddress: localhost:64918}, networkConnectionEnabled: false, pageLoadStrategy: normal, platformName: windows, proxy: Proxy(), se:cdp: ws://localhost:64918/devtoo..., se:cdpVersion: 131.0.6778.204, setWindowRect: true, strictFileInteractability: false, timeouts: {implicit: 0, pageLoad: 300000, script: 30000}, unhandledPromptBehavior: dismiss and notify, webauthn:extension:credBlob: true, webauthn:extension:largeBlob: true, webauthn:extension:minPinLength: true, webauthn:extension:prf: true, webauthn:virtualAuthenticators: true}
Session ID: 7f7c8191a83709b1373eec8f5f2c94f0
at java.base/jdk.internal.reflect.DirectConstructorHandleAccessor.newInstance(DirectConstructorHandleAccessor.java:62)
at java.base/java.lang.reflect.Constructor.newInstanceWithCaller(Constructor.java:501)
at java.base/java.lang.reflect.Constructor.newInstance(Constructor.java:485)
at org.openqa.selenium.remote.ErrorCodec.decode(ErrorCodec.java:167)
at org.openqa.selenium.remote.codec.w3c.W3CHttpResponseCodec.decode(W3CHttpResponseCodec.java:138)
at org.openqa.selenium.remote.codec.w3c.W3CHttpResponseCodec.decode(W3CHttpResponseCodec.java:50)
at org.openqa.selenium.remote.HttpCommandExecutor.execute(HttpCommandExecutor.java:215)
at org.openqa.selenium.remote.service.DriverCommandExecutor.invokeExecute(DriverCommandExecutor.java:216)
at org.openqa.selenium.remote.service.DriverCommandExecutor.execute(DriverCommandExecutor.java:174)
at org.openqa.selenium.remote.RemoteWebDriver.execute(RemoteWebDriver.java:545)
at org.openqa.selenium.remote.ElementLocation$ElementFinder$2.findElement(ElementLocation.java:165)
at org.openqa.selenium.remote.ElementLocation.findElement(ElementLocation.java:59)
at org.openqa.selenium.remote.RemoteWebDriver.findElement(RemoteWebDriver.java:368)
at org.openqa.selenium.remote.RemoteWebDriver.findElement(RemoteWebDriver.java:362)
at org.openqa.selenium.support.pagefactory.DefaultElementLocator.findElement(DefaultElementLocator.java:68)
at org.openqa.selenium.support.pagefactory.internal.LocatingElementHandler.invoke(LocatingElementHandler.java:38)
at jdk.proxy2/jdk.proxy2.$Proxy44.getText(Unknown Source)
at dsAlgo_PageFactory.Register_PageFactory.successMessageDisplayed(Register_PageFactory.java:61)
at dsAlgo_StepDefinition.Register.user_should_be_able_to_naviagte_to_home_page_and_get_the_success_message(Register.java:144)
at ✽.User should be able to naviagte to home page and get the success message(file:///C:/Users/mahaj/git/CodeCrackers_DsAlgo/src/test/resources/features/Register.feature:74)
]]>
    </error>
  </testcase> <!-- runScenario -->
  <testcase classname="dsAlgo_TestRunner.TestRunner" name="runScenario" time="12.346"/>
  <testcase classname="dsAlgo_TestRunner.TestRunner" name="runScenario" time="6.812"/>
  <testcase classname="dsAlgo_TestRunner.TestRunner" name="runScenario" time="20.118"/>
  <testcase classname="dsAlgo_TestRunner.TestRunner" name="runScenario" time="6.337"/>
  <testcase classname="dsAlgo_TestRunner.TestRunner" name="runScenario" time="12.252"/>
  <testcase classname="dsAlgo_TestRunner.TestRunner" name="runScenario" time="8.220"/>
  <testcase classname="dsAlgo_TestRunner.TestRunner" name="runScenario" time="5.592"/>
  <testcase classname="dsAlgo_TestRunner.TestRunner" name="runScenario" time="7.642"/>
  <testcase classname="dsAlgo_TestRunner.TestRunner" name="runScenario" time="12.201"/>
  <testcase classname="dsAlgo_TestRunner.TestRunner" name="runScenario" time="12.189"/>
  <testcase classname="dsAlgo_TestRunner.TestRunner" name="runScenario" time="7.066"/>
  <testcase classname="dsAlgo_TestRunner.TestRunner" name="runScenario" time="15.308"/>
  <testcase classname="dsAlgo_TestRunner.TestRunner" name="runScenario" time="8.561"/>
  <testcase classname="dsAlgo_TestRunner.TestRunner" name="runScenario" time="8.807"/>
  <testcase classname="dsAlgo_TestRunner.TestRunner" name="runScenario" time="6.368"/>
  <testcase classname="dsAlgo_TestRunner.TestRunner" name="runScenario" time="23.985"/>
  <testcase classname="dsAlgo_TestRunner.TestRunner" name="runScenario" time="8.042"/>
  <testcase classname="dsAlgo_TestRunner.TestRunner" name="runScenario" time="9.009"/>
  <testcase classname="dsAlgo_TestRunner.TestRunner" name="runScenario" time="16.142"/>
  <testcase classname="dsAlgo_TestRunner.TestRunner" name="runScenario" time="10.663"/>
  <testcase classname="dsAlgo_TestRunner.TestRunner" name="runScenario" time="9.254"/>
  <testcase classname="dsAlgo_TestRunner.TestRunner" name="runScenario" time="8.026"/>
  <testcase classname="dsAlgo_TestRunner.TestRunner" name="runScenario" time="11.304"/>
  <testcase classname="dsAlgo_TestRunner.TestRunner" name="runScenario" time="8.601"/>
  <testcase classname="dsAlgo_TestRunner.TestRunner" name="runScenario" time="7.989"/>
  <testcase classname="dsAlgo_TestRunner.TestRunner" name="runScenario" time="26.607"/>
  <testcase classname="dsAlgo_TestRunner.TestRunner" name="runScenario" time="13.194"/>
  <testcase classname="dsAlgo_TestRunner.TestRunner" name="runScenario" time="9.887"/>
  <testcase classname="dsAlgo_TestRunner.TestRunner" name="runScenario" time="13.577"/>
  <testcase classname="dsAlgo_TestRunner.TestRunner" name="runScenario" time="11.330"/>
  <testcase classname="dsAlgo_TestRunner.TestRunner" name="runScenario" time="19.203"/>
  <testcase classname="dsAlgo_TestRunner.TestRunner" name="runScenario" time="6.884"/>
  <testcase classname="dsAlgo_TestRunner.TestRunner" name="runScenario" time="6.218"/>
  <testcase classname="dsAlgo_TestRunner.TestRunner" name="runScenario" time="13.139"/>
  <testcase classname="dsAlgo_TestRunner.TestRunner" name="runScenario" time="9.945"/>
  <testcase classname="dsAlgo_TestRunner.TestRunner" name="runScenario" time="11.943"/>
  <testcase classname="dsAlgo_TestRunner.TestRunner" name="runScenario" time="16.544"/>
  <testcase classname="dsAlgo_TestRunner.TestRunner" name="runScenario" time="6.094"/>
  <testcase classname="dsAlgo_TestRunner.TestRunner" name="runScenario" time="10.964"/>
  <testcase classname="dsAlgo_TestRunner.TestRunner" name="runScenario" time="9.659"/>
  <testcase classname="dsAlgo_TestRunner.TestRunner" name="runScenario" time="8.123"/>
  <testcase classname="dsAlgo_TestRunner.TestRunner" name="runScenario" time="10.021"/>
  <testcase classname="dsAlgo_TestRunner.TestRunner" name="runScenario" time="13.558"/>
  <testcase classname="dsAlgo_TestRunner.TestRunner" name="runScenario" time="9.952"/>
  <testcase classname="dsAlgo_TestRunner.TestRunner" name="runScenario" time="14.902"/>
  <testcase classname="dsAlgo_TestRunner.TestRunner" name="runScenario" time="9.266"/>
  <testcase classname="dsAlgo_TestRunner.TestRunner" name="runScenario" time="20.628"/>
  <testcase classname="dsAlgo_TestRunner.TestRunner" name="runScenario" time="7.918"/>
  <testcase classname="dsAlgo_TestRunner.TestRunner" name="runScenario" time="11.856"/>
  <testcase classname="dsAlgo_TestRunner.TestRunner" name="runScenario" time="20.119"/>
  <testcase classname="dsAlgo_TestRunner.TestRunner" name="runScenario" time="7.649"/>
  <testcase classname="dsAlgo_TestRunner.TestRunner" name="runScenario" time="13.385"/>
  <testcase classname="dsAlgo_TestRunner.TestRunner" name="runScenario" time="7.471"/>
  <testcase classname="dsAlgo_TestRunner.TestRunner" name="runScenario" time="10.376"/>
  <testcase classname="dsAlgo_TestRunner.TestRunner" name="runScenario" time="9.884"/>
  <testcase classname="dsAlgo_TestRunner.TestRunner" name="runScenario" time="25.606"/>
  <testcase classname="dsAlgo_TestRunner.TestRunner" name="runScenario" time="7.233"/>
  <testcase classname="dsAlgo_TestRunner.TestRunner" name="runScenario" time="12.277"/>
  <testcase classname="dsAlgo_TestRunner.TestRunner" name="runScenario" time="8.874"/>
  <testcase classname="dsAlgo_TestRunner.TestRunner" name="runScenario" time="8.165"/>
  <testcase classname="dsAlgo_TestRunner.TestRunner" name="runScenario" time="6.641"/>
  <testcase classname="dsAlgo_TestRunner.TestRunner" name="runScenario" time="10.397"/>
  <testcase classname="dsAlgo_TestRunner.TestRunner" name="runScenario" time="6.638"/>
  <testcase classname="dsAlgo_TestRunner.TestRunner" name="runScenario" time="8.957"/>
  <testcase classname="dsAlgo_TestRunner.TestRunner" name="runScenario" time="5.643"/>
  <testcase classname="dsAlgo_TestRunner.TestRunner" name="runScenario" time="6.650"/>
  <testcase classname="dsAlgo_TestRunner.TestRunner" name="runScenario" time="10.553"/>
  <testcase classname="dsAlgo_TestRunner.TestRunner" name="runScenario" time="12.787"/>
  <testcase classname="dsAlgo_TestRunner.TestRunner" name="runScenario" time="6.196"/>
  <testcase classname="dsAlgo_TestRunner.TestRunner" name="runScenario" time="9.343"/>
  <testcase classname="dsAlgo_TestRunner.TestRunner" name="runScenario" time="11.481"/>
  <testcase classname="dsAlgo_TestRunner.TestRunner" name="runScenario" time="8.825"/>
  <testcase classname="dsAlgo_TestRunner.TestRunner" name="runScenario" time="16.577"/>
  <testcase classname="dsAlgo_TestRunner.TestRunner" name="runScenario" time="16.058"/>
  <testcase classname="dsAlgo_TestRunner.TestRunner" name="runScenario" time="12.375"/>
  <testcase classname="dsAlgo_TestRunner.TestRunner" name="runScenario" time="12.810"/>
  <testcase classname="dsAlgo_TestRunner.TestRunner" name="runScenario" time="12.749"/>
  <testcase classname="dsAlgo_TestRunner.TestRunner" name="runScenario" time="13.601"/>
  <testcase classname="dsAlgo_TestRunner.TestRunner" name="runScenario" time="17.225"/>
  <testcase classname="dsAlgo_TestRunner.TestRunner" name="runScenario" time="14.991"/>
  <testcase classname="dsAlgo_TestRunner.TestRunner" name="runScenario" time="8.884"/>
  <testcase classname="dsAlgo_TestRunner.TestRunner" name="runScenario" time="12.252"/>
  <testcase classname="dsAlgo_TestRunner.TestRunner" name="runScenario" time="7.471"/>
  <testcase classname="dsAlgo_TestRunner.TestRunner" name="runScenario" time="9.338"/>
  <testcase classname="dsAlgo_TestRunner.TestRunner" name="runScenario" time="9.907"/>
  <testcase classname="dsAlgo_TestRunner.TestRunner" name="runScenario" time="14.435"/>
  <testcase classname="dsAlgo_TestRunner.TestRunner" name="runScenario" time="21.285"/>
  <testcase classname="dsAlgo_TestRunner.TestRunner" name="runScenario" time="9.357"/>
  <testcase classname="dsAlgo_TestRunner.TestRunner" name="runScenario" time="12.455"/>
  <testcase classname="dsAlgo_TestRunner.TestRunner" name="runScenario" time="6.503"/>
  <testcase classname="dsAlgo_TestRunner.TestRunner" name="runScenario" time="12.944"/>
  <testcase classname="dsAlgo_TestRunner.TestRunner" name="runScenario" time="7.960"/>
  <testcase classname="dsAlgo_TestRunner.TestRunner" name="runScenario" time="9.021"/>
  <testcase classname="dsAlgo_TestRunner.TestRunner" name="runScenario" time="13.372"/>
  <testcase classname="dsAlgo_TestRunner.TestRunner" name="runScenario" time="12.629"/>
  <testcase classname="dsAlgo_TestRunner.TestRunner" name="runScenario" time="11.046"/>
  <testcase classname="dsAlgo_TestRunner.TestRunner" name="runScenario" time="8.309"/>
  <testcase classname="dsAlgo_TestRunner.TestRunner" name="runScenario" time="8.981"/>
  <testcase classname="dsAlgo_TestRunner.TestRunner" name="runScenario" time="34.296"/>
  <testcase classname="dsAlgo_TestRunner.TestRunner" name="runScenario" time="20.736"/>
  <testcase classname="dsAlgo_TestRunner.TestRunner" name="runScenario" time="18.262"/>
  <testcase classname="dsAlgo_TestRunner.TestRunner" name="runScenario" time="9.743"/>
  <testcase classname="dsAlgo_TestRunner.TestRunner" name="runScenario" time="11.039"/>
  <testcase classname="dsAlgo_TestRunner.TestRunner" name="runScenario" time="12.335"/>
  <testcase classname="dsAlgo_TestRunner.TestRunner" name="runScenario" time="8.029"/>
  <testcase classname="dsAlgo_TestRunner.TestRunner" name="runScenario" time="14.066"/>
  <testcase classname="dsAlgo_TestRunner.TestRunner" name="runScenario" time="9.930"/>
  <testcase classname="dsAlgo_TestRunner.TestRunner" name="runScenario" time="7.828"/>
  <testcase classname="dsAlgo_TestRunner.TestRunner" name="runScenario" time="13.068"/>
  <testcase classname="dsAlgo_TestRunner.TestRunner" name="runScenario" time="8.843"/>
  <testcase classname="dsAlgo_TestRunner.TestRunner" name="runScenario" time="10.263"/>
  <testcase classname="dsAlgo_TestRunner.TestRunner" name="runScenario" time="9.616"/>
  <testcase classname="dsAlgo_TestRunner.TestRunner" name="runScenario" time="18.101"/>
  <testcase classname="dsAlgo_TestRunner.TestRunner" name="runScenario" time="8.976"/>
  <testcase classname="dsAlgo_TestRunner.TestRunner" name="runScenario" time="7.303"/>
  <testcase classname="dsAlgo_TestRunner.TestRunner" name="runScenario" time="18.599"/>
  <testcase classname="dsAlgo_TestRunner.TestRunner" name="runScenario" time="12.489"/>
  <testcase classname="dsAlgo_TestRunner.TestRunner" name="runScenario" time="6.126"/>
  <testcase classname="dsAlgo_TestRunner.TestRunner" name="runScenario" time="9.310"/>
  <testcase classname="dsAlgo_TestRunner.TestRunner" name="runScenario" time="8.402"/>
  <testcase classname="dsAlgo_TestRunner.TestRunner" name="runScenario" time="9.113"/>
  <testcase classname="dsAlgo_TestRunner.TestRunner" name="runScenario" time="6.684"/>
  <testcase classname="dsAlgo_TestRunner.TestRunner" name="runScenario" time="7.371"/>
  <testcase classname="dsAlgo_TestRunner.TestRunner" name="runScenario" time="18.454"/>
  <testcase classname="dsAlgo_TestRunner.TestRunner" name="runScenario" time="5.857"/>
  <testcase classname="dsAlgo_TestRunner.TestRunner" name="runScenario" time="5.423"/>
  <testcase classname="dsAlgo_TestRunner.TestRunner" name="runScenario" time="5.488"/>
  <testcase classname="dsAlgo_TestRunner.TestRunner" name="runScenario" time="15.408"/>
  <testcase classname="dsAlgo_TestRunner.TestRunner" name="runScenario" time="7.479"/>
  <testcase classname="dsAlgo_TestRunner.TestRunner" name="runScenario" time="12.982"/>
  <testcase classname="dsAlgo_TestRunner.TestRunner" name="runScenario" time="8.113"/>
  <testcase classname="dsAlgo_TestRunner.TestRunner" name="runScenario" time="13.186"/>
  <testcase classname="dsAlgo_TestRunner.TestRunner" name="runScenario" time="9.967"/>
  <testcase classname="dsAlgo_TestRunner.TestRunner" name="runScenario" time="8.645"/>
  <testcase classname="dsAlgo_TestRunner.TestRunner" name="runScenario" time="9.954"/>
  <testcase classname="dsAlgo_TestRunner.TestRunner" name="runScenario" time="11.778"/>
  <testcase classname="dsAlgo_TestRunner.TestRunner" name="runScenario" time="9.543"/>
  <testcase classname="dsAlgo_TestRunner.TestRunner" name="runScenario" time="10.710"/>
  <testcase classname="dsAlgo_TestRunner.TestRunner" name="runScenario" time="7.515"/>
  <testcase classname="dsAlgo_TestRunner.TestRunner" name="runScenario" time="8.286"/>
  <testcase classname="dsAlgo_TestRunner.TestRunner" name="runScenario" time="12.648"/>
  <testcase classname="dsAlgo_TestRunner.TestRunner" name="runScenario" time="5.045"/>
  <testcase classname="dsAlgo_TestRunner.TestRunner" name="runScenario" time="23.411"/>
  <testcase classname="dsAlgo_TestRunner.TestRunner" name="runScenario" time="10.873"/>
  <testcase classname="dsAlgo_TestRunner.TestRunner" name="runScenario" time="8.576"/>
  <testcase classname="dsAlgo_TestRunner.TestRunner" name="runScenario" time="14.488"/>
  <testcase classname="dsAlgo_TestRunner.TestRunner" name="runScenario" time="15.338"/>
  <testcase classname="dsAlgo_TestRunner.TestRunner" name="runScenario" time="5.922"/>
  <testcase classname="dsAlgo_TestRunner.TestRunner" name="runScenario" time="16.854"/>
  <testcase classname="dsAlgo_TestRunner.TestRunner" name="runScenario" time="10.172"/>
  <testcase classname="dsAlgo_TestRunner.TestRunner" name="runScenario" time="12.891"/>
  <testcase classname="dsAlgo_TestRunner.TestRunner" name="runScenario" time="18.499"/>
  <testcase classname="dsAlgo_TestRunner.TestRunner" name="runScenario" time="10.859"/>
  <testcase classname="dsAlgo_TestRunner.TestRunner" name="runScenario" time="20.731"/>
  <testcase classname="dsAlgo_TestRunner.TestRunner" name="runScenario" time="9.670"/>
  <testcase classname="dsAlgo_TestRunner.TestRunner" name="runScenario" time="11.146"/>
  <testcase classname="dsAlgo_TestRunner.TestRunner" name="runScenario" time="8.177"/>
  <testcase classname="dsAlgo_TestRunner.TestRunner" name="runScenario" time="5.802"/>
  <testcase classname="dsAlgo_TestRunner.TestRunner" name="runScenario" time="5.644"/>
  <testcase classname="dsAlgo_TestRunner.TestRunner" name="runScenario" time="9.193"/>
  <testcase classname="dsAlgo_TestRunner.TestRunner" name="runScenario" time="10.904"/>
  <testcase classname="dsAlgo_TestRunner.TestRunner" name="runScenario" time="6.985"/>
  <testcase classname="dsAlgo_TestRunner.TestRunner" name="runScenario" time="8.548"/>
  <testcase classname="dsAlgo_TestRunner.TestRunner" name="runScenario" time="7.487"/>
  <testcase classname="dsAlgo_TestRunner.TestRunner" name="runScenario" time="12.733"/>
  <testcase classname="dsAlgo_TestRunner.TestRunner" name="runScenario" time="5.880"/>
  <testcase classname="dsAlgo_TestRunner.TestRunner" name="runScenario" time="12.886"/>
  <testcase classname="dsAlgo_TestRunner.TestRunner" name="runScenario" time="12.790"/>
  <testcase classname="dsAlgo_TestRunner.TestRunner" name="runScenario" time="8.528"/>
  <testcase classname="dsAlgo_TestRunner.TestRunner" name="runScenario" time="16.701"/>
  <testcase classname="dsAlgo_TestRunner.TestRunner" name="runScenario" time="9.055"/>
  <testcase classname="dsAlgo_TestRunner.TestRunner" name="runScenario" time="7.688"/>
  <testcase classname="dsAlgo_TestRunner.TestRunner" name="runScenario" time="14.026"/>
</testsuite> <!-- dsAlgo_TestRunner.TestRunner -->
