<?xml version="1.0" encoding="UTF-8"?>
<!-- Generated by org.testng.reporters.JUnitReportReporter -->
<testsuite hostname="LAPTOP-OL266L3M" failures="0" tests="240" name="dsAlgo_TestRunner.TestRunner" time="1035.980" errors="1" timestamp="2025-02-25T00:27:09 EST" skipped="0">
  <testcase classname="dsAlgo_TestRunner.TestRunner" name="runScenario" time="2.449"/>
  <testcase classname="dsAlgo_TestRunner.TestRunner" name="runScenario" time="4.450"/>
  <testcase classname="dsAlgo_TestRunner.TestRunner" name="runScenario" time="5.396"/>
  <testcase classname="dsAlgo_TestRunner.TestRunner" name="runScenario" time="4.537"/>
  <testcase classname="dsAlgo_TestRunner.TestRunner" name="runScenario" time="4.117"/>
  <testcase classname="dsAlgo_TestRunner.TestRunner" name="runScenario" time="4.768"/>
  <testcase classname="dsAlgo_TestRunner.TestRunner" name="runScenario" time="3.118"/>
  <testcase classname="dsAlgo_TestRunner.TestRunner" name="runScenario" time="4.058"/>
  <testcase classname="dsAlgo_TestRunner.TestRunner" name="runScenario" time="4.920"/>
  <testcase classname="dsAlgo_TestRunner.TestRunner" name="runScenario" time="3.908"/>
  <testcase classname="dsAlgo_TestRunner.TestRunner" name="runScenario" time="4.593"/>
  <testcase classname="dsAlgo_TestRunner.TestRunner" name="runScenario" time="4.262"/>
  <testcase classname="dsAlgo_TestRunner.TestRunner" name="runScenario" time="4.106"/>
  <testcase classname="dsAlgo_TestRunner.TestRunner" name="runScenario" time="4.974"/>
  <testcase classname="dsAlgo_TestRunner.TestRunner" name="runScenario" time="15.026">
    <error message="no such element: Unable to locate element: {&quot;method&quot;:&quot;xpath&quot;,&quot;selector&quot;:&quot;//div[contains(text(),&#039;Account Created&#039;)]&quot;}
  (Session info: chrome=133.0.6943.127)
For documentation on this error, please visit: https://www.selenium.dev/documentation/webdriver/troubleshooting/errors#no-such-element-exception
Build info: version: &#039;4.28.0&#039;, revision: &#039;ac342546e9&#039;
System info: os.name: &#039;Windows 11&#039;, os.arch: &#039;amd64&#039;, os.version: &#039;10.0&#039;, java.version: &#039;23.0.1&#039;
Driver info: org.openqa.selenium.chrome.ChromeDriver
Command: [de7caac86eb1dca5270ec655aba9a5d2, findElement {value=//div[contains(text(),&#039;Account Created&#039;)], using=xpath}]
Capabilities {acceptInsecureCerts: false, browserName: chrome, browserVersion: 133.0.6943.127, chrome: {chromedriverVersion: 133.0.6943.126 (cffa127ce7b..., userDataDir: C:\Users\divya\AppData\Loca...}, fedcm:accounts: true, goog:chromeOptions: {debuggerAddress: localhost:54748}, networkConnectionEnabled: false, pageLoadStrategy: normal, platformName: windows, proxy: Proxy(), se:cdp: ws://localhost:54748/devtoo..., se:cdpVersion: 133.0.6943.127, setWindowRect: true, strictFileInteractability: false, timeouts: {implicit: 0, pageLoad: 300000, script: 30000}, unhandledPromptBehavior: dismiss and notify, webauthn:extension:credBlob: true, webauthn:extension:largeBlob: true, webauthn:extension:minPinLength: true, webauthn:extension:prf: true, webauthn:virtualAuthenticators: true}
Session ID: de7caac86eb1dca5270ec655aba9a5d2" type="org.openqa.selenium.NoSuchElementException">
      <![CDATA[org.openqa.selenium.NoSuchElementException: no such element: Unable to locate element: {"method":"xpath","selector":"//div[contains(text(),'Account Created')]"}
  (Session info: chrome=133.0.6943.127)
For documentation on this error, please visit: https://www.selenium.dev/documentation/webdriver/troubleshooting/errors#no-such-element-exception
Build info: version: '4.28.0', revision: 'ac342546e9'
System info: os.name: 'Windows 11', os.arch: 'amd64', os.version: '10.0', java.version: '23.0.1'
Driver info: org.openqa.selenium.chrome.ChromeDriver
Command: [de7caac86eb1dca5270ec655aba9a5d2, findElement {value=//div[contains(text(),'Account Created')], using=xpath}]
Capabilities {acceptInsecureCerts: false, browserName: chrome, browserVersion: 133.0.6943.127, chrome: {chromedriverVersion: 133.0.6943.126 (cffa127ce7b..., userDataDir: C:\Users\divya\AppData\Loca...}, fedcm:accounts: true, goog:chromeOptions: {debuggerAddress: localhost:54748}, networkConnectionEnabled: false, pageLoadStrategy: normal, platformName: windows, proxy: Proxy(), se:cdp: ws://localhost:54748/devtoo..., se:cdpVersion: 133.0.6943.127, setWindowRect: true, strictFileInteractability: false, timeouts: {implicit: 0, pageLoad: 300000, script: 30000}, unhandledPromptBehavior: dismiss and notify, webauthn:extension:credBlob: true, webauthn:extension:largeBlob: true, webauthn:extension:minPinLength: true, webauthn:extension:prf: true, webauthn:virtualAuthenticators: true}
Session ID: de7caac86eb1dca5270ec655aba9a5d2
at java.base/jdk.internal.reflect.DirectConstructorHandleAccessor.newInstance(DirectConstructorHandleAccessor.java:62)
at java.base/java.lang.reflect.Constructor.newInstanceWithCaller(Constructor.java:501)
at java.base/java.lang.reflect.Constructor.newInstance(Constructor.java:485)
at org.openqa.selenium.remote.ErrorCodec.decode(ErrorCodec.java:167)
at org.openqa.selenium.remote.codec.w3c.W3CHttpResponseCodec.decode(W3CHttpResponseCodec.java:138)
at org.openqa.selenium.remote.codec.w3c.W3CHttpResponseCodec.decode(W3CHttpResponseCodec.java:50)
at org.openqa.selenium.remote.HttpCommandExecutor.execute(HttpCommandExecutor.java:215)
at org.openqa.selenium.remote.service.DriverCommandExecutor.invokeExecute(DriverCommandExecutor.java:216)
at org.openqa.selenium.remote.service.DriverCommandExecutor.execute(DriverCommandExecutor.java:174)
at org.openqa.selenium.remote.RemoteWebDriver.execute(RemoteWebDriver.java:545)
at org.openqa.selenium.remote.ElementLocation$ElementFinder$2.findElement(ElementLocation.java:165)
at org.openqa.selenium.remote.ElementLocation.findElement(ElementLocation.java:59)
at org.openqa.selenium.remote.RemoteWebDriver.findElement(RemoteWebDriver.java:368)
at org.openqa.selenium.remote.RemoteWebDriver.findElement(RemoteWebDriver.java:362)
at org.openqa.selenium.support.pagefactory.DefaultElementLocator.findElement(DefaultElementLocator.java:68)
at org.openqa.selenium.support.pagefactory.internal.LocatingElementHandler.invoke(LocatingElementHandler.java:38)
at jdk.proxy2/jdk.proxy2.$Proxy44.getText(Unknown Source)
at dsAlgo_PageFactory.Register_PageFactory.successMessageDisplayed(Register_PageFactory.java:61)
at dsAlgo_StepDefinition.Register.user_should_be_able_to_naviagte_to_home_page_and_get_the_success_message(Register.java:144)
at âœ½.User should be able to naviagte to home page and get the success message(file:///C:/Users/divya/git/CodeCrackers_DsAlgo/src/test/resources/features/Register.feature:74)
]]>
    </error>
  </testcase> <!-- runScenario -->
  <testcase classname="dsAlgo_TestRunner.TestRunner" name="runScenario" time="4.257"/>
  <testcase classname="dsAlgo_TestRunner.TestRunner" name="runScenario" time="4.026"/>
  <testcase classname="dsAlgo_TestRunner.TestRunner" name="runScenario" time="3.882"/>
  <testcase classname="dsAlgo_TestRunner.TestRunner" name="runScenario" time="3.760"/>
  <testcase classname="dsAlgo_TestRunner.TestRunner" name="runScenario" time="6.945"/>
  <testcase classname="dsAlgo_TestRunner.TestRunner" name="runScenario" time="4.781"/>
  <testcase classname="dsAlgo_TestRunner.TestRunner" name="runScenario" time="3.987"/>
  <testcase classname="dsAlgo_TestRunner.TestRunner" name="runScenario" time="4.548"/>
  <testcase classname="dsAlgo_TestRunner.TestRunner" name="runScenario" time="4.888"/>
  <testcase classname="dsAlgo_TestRunner.TestRunner" name="runScenario" time="5.308"/>
  <testcase classname="dsAlgo_TestRunner.TestRunner" name="runScenario" time="4.262"/>
  <testcase classname="dsAlgo_TestRunner.TestRunner" name="runScenario" time="3.320"/>
  <testcase classname="dsAlgo_TestRunner.TestRunner" name="runScenario" time="4.114"/>
  <testcase classname="dsAlgo_TestRunner.TestRunner" name="runScenario" time="3.627"/>
  <testcase classname="dsAlgo_TestRunner.TestRunner" name="runScenario" time="3.194"/>
  <testcase classname="dsAlgo_TestRunner.TestRunner" name="runScenario" time="4.202"/>
  <testcase classname="dsAlgo_TestRunner.TestRunner" name="runScenario" time="4.540"/>
  <testcase classname="dsAlgo_TestRunner.TestRunner" name="runScenario" time="3.802"/>
  <testcase classname="dsAlgo_TestRunner.TestRunner" name="runScenario" time="4.659"/>
  <testcase classname="dsAlgo_TestRunner.TestRunner" name="runScenario" time="2.862"/>
  <testcase classname="dsAlgo_TestRunner.TestRunner" name="runScenario" time="4.332"/>
  <testcase classname="dsAlgo_TestRunner.TestRunner" name="runScenario" time="6.033"/>
  <testcase classname="dsAlgo_TestRunner.TestRunner" name="runScenario" time="4.671"/>
  <testcase classname="dsAlgo_TestRunner.TestRunner" name="runScenario" time="3.913"/>
  <testcase classname="dsAlgo_TestRunner.TestRunner" name="runScenario" time="4.506"/>
  <testcase classname="dsAlgo_TestRunner.TestRunner" name="runScenario" time="5.039"/>
  <testcase classname="dsAlgo_TestRunner.TestRunner" name="runScenario" time="3.735"/>
  <testcase classname="dsAlgo_TestRunner.TestRunner" name="runScenario" time="3.756"/>
  <testcase classname="dsAlgo_TestRunner.TestRunner" name="runScenario" time="3.115"/>
  <testcase classname="dsAlgo_TestRunner.TestRunner" name="runScenario" time="4.551"/>
  <testcase classname="dsAlgo_TestRunner.TestRunner" name="runScenario" time="4.784"/>
  <testcase classname="dsAlgo_TestRunner.TestRunner" name="runScenario" time="3.051"/>
  <testcase classname="dsAlgo_TestRunner.TestRunner" name="runScenario" time="4.832"/>
  <testcase classname="dsAlgo_TestRunner.TestRunner" name="runScenario" time="2.502"/>
  <testcase classname="dsAlgo_TestRunner.TestRunner" name="runScenario" time="4.531"/>
  <testcase classname="dsAlgo_TestRunner.TestRunner" name="runScenario" time="4.840"/>
  <testcase classname="dsAlgo_TestRunner.TestRunner" name="runScenario" time="3.598"/>
  <testcase classname="dsAlgo_TestRunner.TestRunner" name="runScenario" time="4.508"/>
  <testcase classname="dsAlgo_TestRunner.TestRunner" name="runScenario" time="4.454"/>
  <testcase classname="dsAlgo_TestRunner.TestRunner" name="runScenario" time="4.560"/>
  <testcase classname="dsAlgo_TestRunner.TestRunner" name="runScenario" time="5.017"/>
  <testcase classname="dsAlgo_TestRunner.TestRunner" name="runScenario" time="4.806"/>
  <testcase classname="dsAlgo_TestRunner.TestRunner" name="runScenario" time="4.352"/>
  <testcase classname="dsAlgo_TestRunner.TestRunner" name="runScenario" time="3.543"/>
  <testcase classname="dsAlgo_TestRunner.TestRunner" name="runScenario" time="2.843"/>
  <testcase classname="dsAlgo_TestRunner.TestRunner" name="runScenario" time="4.847"/>
  <testcase classname="dsAlgo_TestRunner.TestRunner" name="runScenario" time="4.716"/>
  <testcase classname="dsAlgo_TestRunner.TestRunner" name="runScenario" time="4.755"/>
  <testcase classname="dsAlgo_TestRunner.TestRunner" name="runScenario" time="4.000"/>
  <testcase classname="dsAlgo_TestRunner.TestRunner" name="runScenario" time="4.408"/>
  <testcase classname="dsAlgo_TestRunner.TestRunner" name="runScenario" time="3.656"/>
  <testcase classname="dsAlgo_TestRunner.TestRunner" name="runScenario" time="4.396"/>
  <testcase classname="dsAlgo_TestRunner.TestRunner" name="runScenario" time="4.492"/>
  <testcase classname="dsAlgo_TestRunner.TestRunner" name="runScenario" time="4.129"/>
  <testcase classname="dsAlgo_TestRunner.TestRunner" name="runScenario" time="4.620"/>
  <testcase classname="dsAlgo_TestRunner.TestRunner" name="runScenario" time="4.243"/>
  <testcase classname="dsAlgo_TestRunner.TestRunner" name="runScenario" time="4.860"/>
  <testcase classname="dsAlgo_TestRunner.TestRunner" name="runScenario" time="4.632"/>
  <testcase classname="dsAlgo_TestRunner.TestRunner" name="runScenario" time="3.771"/>
  <testcase classname="dsAlgo_TestRunner.TestRunner" name="runScenario" time="2.854"/>
  <testcase classname="dsAlgo_TestRunner.TestRunner" name="runScenario" time="4.333"/>
  <testcase classname="dsAlgo_TestRunner.TestRunner" name="runScenario" time="3.898"/>
  <testcase classname="dsAlgo_TestRunner.TestRunner" name="runScenario" time="4.719"/>
  <testcase classname="dsAlgo_TestRunner.TestRunner" name="runScenario" time="3.977"/>
  <testcase classname="dsAlgo_TestRunner.TestRunner" name="runScenario" time="3.121"/>
  <testcase classname="dsAlgo_TestRunner.TestRunner" name="runScenario" time="4.695"/>
  <testcase classname="dsAlgo_TestRunner.TestRunner" name="runScenario" time="4.528"/>
  <testcase classname="dsAlgo_TestRunner.TestRunner" name="runScenario" time="3.837"/>
  <testcase classname="dsAlgo_TestRunner.TestRunner" name="runScenario" time="4.337"/>
  <testcase classname="dsAlgo_TestRunner.TestRunner" name="runScenario" time="4.676"/>
  <testcase classname="dsAlgo_TestRunner.TestRunner" name="runScenario" time="4.928"/>
  <testcase classname="dsAlgo_TestRunner.TestRunner" name="runScenario" time="3.948"/>
  <testcase classname="dsAlgo_TestRunner.TestRunner" name="runScenario" time="4.408"/>
  <testcase classname="dsAlgo_TestRunner.TestRunner" name="runScenario" time="2.315"/>
  <testcase classname="dsAlgo_TestRunner.TestRunner" name="runScenario" time="4.803"/>
  <testcase classname="dsAlgo_TestRunner.TestRunner" name="runScenario" time="4.700"/>
  <testcase classname="dsAlgo_TestRunner.TestRunner" name="runScenario" time="3.818"/>
  <testcase classname="dsAlgo_TestRunner.TestRunner" name="runScenario" time="4.747"/>
  <testcase classname="dsAlgo_TestRunner.TestRunner" name="runScenario" time="4.792"/>
  <testcase classname="dsAlgo_TestRunner.TestRunner" name="runScenario" time="4.750"/>
  <testcase classname="dsAlgo_TestRunner.TestRunner" name="runScenario" time="2.952"/>
  <testcase classname="dsAlgo_TestRunner.TestRunner" name="runScenario" time="4.755"/>
  <testcase classname="dsAlgo_TestRunner.TestRunner" name="runScenario" time="2.362"/>
  <testcase classname="dsAlgo_TestRunner.TestRunner" name="runScenario" time="3.758"/>
  <testcase classname="dsAlgo_TestRunner.TestRunner" name="runScenario" time="4.696"/>
  <testcase classname="dsAlgo_TestRunner.TestRunner" name="runScenario" time="4.061"/>
  <testcase classname="dsAlgo_TestRunner.TestRunner" name="runScenario" time="4.814"/>
  <testcase classname="dsAlgo_TestRunner.TestRunner" name="runScenario" time="4.528"/>
  <testcase classname="dsAlgo_TestRunner.TestRunner" name="runScenario" time="4.712"/>
  <testcase classname="dsAlgo_TestRunner.TestRunner" name="runScenario" time="4.334"/>
  <testcase classname="dsAlgo_TestRunner.TestRunner" name="runScenario" time="4.503"/>
  <testcase classname="dsAlgo_TestRunner.TestRunner" name="runScenario" time="3.054"/>
  <testcase classname="dsAlgo_TestRunner.TestRunner" name="runScenario" time="4.579"/>
  <testcase classname="dsAlgo_TestRunner.TestRunner" name="runScenario" time="3.598"/>
  <testcase classname="dsAlgo_TestRunner.TestRunner" name="runScenario" time="4.034"/>
  <testcase classname="dsAlgo_TestRunner.TestRunner" name="runScenario" time="4.417"/>
  <testcase classname="dsAlgo_TestRunner.TestRunner" name="runScenario" time="4.870"/>
  <testcase classname="dsAlgo_TestRunner.TestRunner" name="runScenario" time="4.502"/>
  <testcase classname="dsAlgo_TestRunner.TestRunner" name="runScenario" time="2.801"/>
  <testcase classname="dsAlgo_TestRunner.TestRunner" name="runScenario" time="3.401"/>
  <testcase classname="dsAlgo_TestRunner.TestRunner" name="runScenario" time="4.903"/>
  <testcase classname="dsAlgo_TestRunner.TestRunner" name="runScenario" time="3.140"/>
  <testcase classname="dsAlgo_TestRunner.TestRunner" name="runScenario" time="4.469"/>
  <testcase classname="dsAlgo_TestRunner.TestRunner" name="runScenario" time="3.713"/>
  <testcase classname="dsAlgo_TestRunner.TestRunner" name="runScenario" time="4.244"/>
  <testcase classname="dsAlgo_TestRunner.TestRunner" name="runScenario" time="4.614"/>
  <testcase classname="dsAlgo_TestRunner.TestRunner" name="runScenario" time="4.576"/>
  <testcase classname="dsAlgo_TestRunner.TestRunner" name="runScenario" time="4.470"/>
  <testcase classname="dsAlgo_TestRunner.TestRunner" name="runScenario" time="2.849"/>
  <testcase classname="dsAlgo_TestRunner.TestRunner" name="runScenario" time="3.864"/>
  <testcase classname="dsAlgo_TestRunner.TestRunner" name="runScenario" time="3.633"/>
  <testcase classname="dsAlgo_TestRunner.TestRunner" name="runScenario" time="4.420"/>
  <testcase classname="dsAlgo_TestRunner.TestRunner" name="runScenario" time="5.907"/>
  <testcase classname="dsAlgo_TestRunner.TestRunner" name="runScenario" time="3.413"/>
  <testcase classname="dsAlgo_TestRunner.TestRunner" name="runScenario" time="4.663"/>
  <testcase classname="dsAlgo_TestRunner.TestRunner" name="runScenario" time="4.401"/>
  <testcase classname="dsAlgo_TestRunner.TestRunner" name="runScenario" time="3.734"/>
  <testcase classname="dsAlgo_TestRunner.TestRunner" name="runScenario" time="3.872"/>
  <testcase classname="dsAlgo_TestRunner.TestRunner" name="runScenario" time="4.294"/>
  <testcase classname="dsAlgo_TestRunner.TestRunner" name="runScenario" time="4.666"/>
  <testcase classname="dsAlgo_TestRunner.TestRunner" name="runScenario" time="4.758"/>
  <testcase classname="dsAlgo_TestRunner.TestRunner" name="runScenario" time="4.309"/>
  <testcase classname="dsAlgo_TestRunner.TestRunner" name="runScenario" time="3.939"/>
  <testcase classname="dsAlgo_TestRunner.TestRunner" name="runScenario" time="4.637"/>
  <testcase classname="dsAlgo_TestRunner.TestRunner" name="runScenario" time="4.292"/>
  <testcase classname="dsAlgo_TestRunner.TestRunner" name="runScenario" time="4.862"/>
  <testcase classname="dsAlgo_TestRunner.TestRunner" name="runScenario" time="4.025"/>
  <testcase classname="dsAlgo_TestRunner.TestRunner" name="runScenario" time="4.025"/>
  <testcase classname="dsAlgo_TestRunner.TestRunner" name="runScenario" time="4.592"/>
  <testcase classname="dsAlgo_TestRunner.TestRunner" name="runScenario" time="3.836"/>
  <testcase classname="dsAlgo_TestRunner.TestRunner" name="runScenario" time="4.678"/>
  <testcase classname="dsAlgo_TestRunner.TestRunner" name="runScenario" time="2.803"/>
  <testcase classname="dsAlgo_TestRunner.TestRunner" name="runScenario" time="5.433"/>
  <testcase classname="dsAlgo_TestRunner.TestRunner" name="runScenario" time="3.686"/>
  <testcase classname="dsAlgo_TestRunner.TestRunner" name="runScenario" time="4.917"/>
  <testcase classname="dsAlgo_TestRunner.TestRunner" name="runScenario" time="4.749"/>
  <testcase classname="dsAlgo_TestRunner.TestRunner" name="runScenario" time="4.638"/>
  <testcase classname="dsAlgo_TestRunner.TestRunner" name="runScenario" time="4.776"/>
  <testcase classname="dsAlgo_TestRunner.TestRunner" name="runScenario" time="4.452"/>
  <testcase classname="dsAlgo_TestRunner.TestRunner" name="runScenario" time="4.247"/>
  <testcase classname="dsAlgo_TestRunner.TestRunner" name="runScenario" time="4.378"/>
  <testcase classname="dsAlgo_TestRunner.TestRunner" name="runScenario" time="4.491"/>
  <testcase classname="dsAlgo_TestRunner.TestRunner" name="runScenario" time="5.243"/>
  <testcase classname="dsAlgo_TestRunner.TestRunner" name="runScenario" time="3.751"/>
  <testcase classname="dsAlgo_TestRunner.TestRunner" name="runScenario" time="4.800"/>
  <testcase classname="dsAlgo_TestRunner.TestRunner" name="runScenario" time="4.699"/>
  <testcase classname="dsAlgo_TestRunner.TestRunner" name="runScenario" time="3.930"/>
  <testcase classname="dsAlgo_TestRunner.TestRunner" name="runScenario" time="4.544"/>
  <testcase classname="dsAlgo_TestRunner.TestRunner" name="runScenario" time="2.918"/>
  <testcase classname="dsAlgo_TestRunner.TestRunner" name="runScenario" time="4.605"/>
  <testcase classname="dsAlgo_TestRunner.TestRunner" name="runScenario" time="3.751"/>
  <testcase classname="dsAlgo_TestRunner.TestRunner" name="runScenario" time="4.775"/>
  <testcase classname="dsAlgo_TestRunner.TestRunner" name="runScenario" time="4.169"/>
  <testcase classname="dsAlgo_TestRunner.TestRunner" name="runScenario" time="3.140"/>
  <testcase classname="dsAlgo_TestRunner.TestRunner" name="runScenario" time="4.747"/>
  <testcase classname="dsAlgo_TestRunner.TestRunner" name="runScenario" time="4.803"/>
  <testcase classname="dsAlgo_TestRunner.TestRunner" name="runScenario" time="3.713"/>
  <testcase classname="dsAlgo_TestRunner.TestRunner" name="runScenario" time="3.676"/>
  <testcase classname="dsAlgo_TestRunner.TestRunner" name="runScenario" time="4.667"/>
  <testcase classname="dsAlgo_TestRunner.TestRunner" name="runScenario" time="4.794"/>
  <testcase classname="dsAlgo_TestRunner.TestRunner" name="runScenario" time="3.670"/>
  <testcase classname="dsAlgo_TestRunner.TestRunner" name="runScenario" time="5.093"/>
  <testcase classname="dsAlgo_TestRunner.TestRunner" name="runScenario" time="3.926"/>
  <testcase classname="dsAlgo_TestRunner.TestRunner" name="runScenario" time="4.711"/>
  <testcase classname="dsAlgo_TestRunner.TestRunner" name="runScenario" time="4.895"/>
  <testcase classname="dsAlgo_TestRunner.TestRunner" name="runScenario" time="4.405"/>
  <testcase classname="dsAlgo_TestRunner.TestRunner" name="runScenario" time="4.371"/>
  <testcase classname="dsAlgo_TestRunner.TestRunner" name="runScenario" time="4.911"/>
  <testcase classname="dsAlgo_TestRunner.TestRunner" name="runScenario" time="4.988"/>
  <testcase classname="dsAlgo_TestRunner.TestRunner" name="runScenario" time="4.825"/>
  <testcase classname="dsAlgo_TestRunner.TestRunner" name="runScenario" time="4.975"/>
  <testcase classname="dsAlgo_TestRunner.TestRunner" name="runScenario" time="4.766"/>
  <testcase classname="dsAlgo_TestRunner.TestRunner" name="runScenario" time="2.944"/>
  <testcase classname="dsAlgo_TestRunner.TestRunner" name="runScenario" time="3.533"/>
  <testcase classname="dsAlgo_TestRunner.TestRunner" name="runScenario" time="3.817"/>
  <testcase classname="dsAlgo_TestRunner.TestRunner" name="runScenario" time="4.456"/>
  <testcase classname="dsAlgo_TestRunner.TestRunner" name="runScenario" time="3.964"/>
  <testcase classname="dsAlgo_TestRunner.TestRunner" name="runScenario" time="3.911"/>
  <testcase classname="dsAlgo_TestRunner.TestRunner" name="runScenario" time="3.520"/>
  <testcase classname="dsAlgo_TestRunner.TestRunner" name="runScenario" time="4.761"/>
  <testcase classname="dsAlgo_TestRunner.TestRunner" name="runScenario" time="3.850"/>
  <testcase classname="dsAlgo_TestRunner.TestRunner" name="runScenario" time="2.949"/>
  <testcase classname="dsAlgo_TestRunner.TestRunner" name="runScenario" time="4.741"/>
  <testcase classname="dsAlgo_TestRunner.TestRunner" name="runScenario" time="4.658"/>
  <testcase classname="dsAlgo_TestRunner.TestRunner" name="runScenario" time="4.677"/>
  <testcase classname="dsAlgo_TestRunner.TestRunner" name="runScenario" time="5.196"/>
  <testcase classname="dsAlgo_TestRunner.TestRunner" name="runScenario" time="5.030"/>
  <testcase classname="dsAlgo_TestRunner.TestRunner" name="runScenario" time="3.714"/>
  <testcase classname="dsAlgo_TestRunner.TestRunner" name="runScenario" time="4.448"/>
  <testcase classname="dsAlgo_TestRunner.TestRunner" name="runScenario" time="4.575"/>
  <testcase classname="dsAlgo_TestRunner.TestRunner" name="runScenario" time="5.271"/>
  <testcase classname="dsAlgo_TestRunner.TestRunner" name="runScenario" time="3.718"/>
  <testcase classname="dsAlgo_TestRunner.TestRunner" name="runScenario" time="4.508"/>
  <testcase classname="dsAlgo_TestRunner.TestRunner" name="runScenario" time="3.770"/>
  <testcase classname="dsAlgo_TestRunner.TestRunner" name="runScenario" time="4.713"/>
  <testcase classname="dsAlgo_TestRunner.TestRunner" name="runScenario" time="4.390"/>
  <testcase classname="dsAlgo_TestRunner.TestRunner" name="runScenario" time="4.741"/>
  <testcase classname="dsAlgo_TestRunner.TestRunner" name="runScenario" time="4.668"/>
  <testcase classname="dsAlgo_TestRunner.TestRunner" name="runScenario" time="6.502"/>
  <testcase classname="dsAlgo_TestRunner.TestRunner" name="runScenario" time="4.770"/>
  <testcase classname="dsAlgo_TestRunner.TestRunner" name="runScenario" time="4.473"/>
  <testcase classname="dsAlgo_TestRunner.TestRunner" name="runScenario" time="3.081"/>
  <testcase classname="dsAlgo_TestRunner.TestRunner" name="runScenario" time="4.687"/>
  <testcase classname="dsAlgo_TestRunner.TestRunner" name="runScenario" time="4.622"/>
  <testcase classname="dsAlgo_TestRunner.TestRunner" name="runScenario" time="4.629"/>
  <testcase classname="dsAlgo_TestRunner.TestRunner" name="runScenario" time="5.117"/>
  <testcase classname="dsAlgo_TestRunner.TestRunner" name="runScenario" time="4.768"/>
  <testcase classname="dsAlgo_TestRunner.TestRunner" name="runScenario" time="3.899"/>
  <testcase classname="dsAlgo_TestRunner.TestRunner" name="runScenario" time="4.236"/>
  <testcase classname="dsAlgo_TestRunner.TestRunner" name="runScenario" time="4.671"/>
  <testcase classname="dsAlgo_TestRunner.TestRunner" name="runScenario" time="3.428"/>
  <testcase classname="dsAlgo_TestRunner.TestRunner" name="runScenario" time="5.120"/>
  <testcase classname="dsAlgo_TestRunner.TestRunner" name="runScenario" time="3.658"/>
  <testcase classname="dsAlgo_TestRunner.TestRunner" name="runScenario" time="4.740"/>
  <testcase classname="dsAlgo_TestRunner.TestRunner" name="runScenario" time="2.765"/>
  <testcase classname="dsAlgo_TestRunner.TestRunner" name="runScenario" time="2.882"/>
  <testcase classname="dsAlgo_TestRunner.TestRunner" name="runScenario" time="5.008"/>
  <testcase classname="dsAlgo_TestRunner.TestRunner" name="runScenario" time="4.651"/>
  <testcase classname="dsAlgo_TestRunner.TestRunner" name="runScenario" time="4.496"/>
  <testcase classname="dsAlgo_TestRunner.TestRunner" name="runScenario" time="4.671"/>
  <testcase classname="dsAlgo_TestRunner.TestRunner" name="runScenario" time="4.488"/>
  <testcase classname="dsAlgo_TestRunner.TestRunner" name="runScenario" time="4.767"/>
  <testcase classname="dsAlgo_TestRunner.TestRunner" name="runScenario" time="4.003"/>
  <testcase classname="dsAlgo_TestRunner.TestRunner" name="runScenario" time="2.826"/>
  <testcase classname="dsAlgo_TestRunner.TestRunner" name="runScenario" time="3.912"/>
</testsuite> <!-- dsAlgo_TestRunner.TestRunner -->
